<?xml version="1.0" encoding="UTF-8"?>
<testsuite name="SumTest" tests="3" skipped="0" failures="0" errors="0" timestamp="2019-05-02T11:41:07" hostname="Lucias-MacBook.local" time="0.002">
  <properties/>
  <testcase name="testGetRatio" classname="SumTest" time="0.002"/>
  <testcase name="testSumOf" classname="SumTest" time="0.0"/>
  <testcase name="getRatio_dividedByZero_ReturnZero" classname="SumTest" time="0.0"/>
  <system-out><![CDATA[]]></system-out>
  <system-err><![CDATA[]]></system-err>
</testsuite>
